<?xml version="1.0" encoding="UTF-8"?>
<testng-results skipped="0" failed="0" ignored="0" total="1" passed="1">
  <reporter-output>
  </reporter-output>
  <suite name="Suite" duration-ms="9441" started-at="2017-10-08T03:50:50Z" finished-at="2017-10-08T03:50:59Z">
    <groups>
    </groups>
    <test name="Test" duration-ms="9441" started-at="2017-10-08T03:50:50Z" finished-at="2017-10-08T03:50:59Z">
      <class name="code.Tests">
        <test-method status="PASS" signature="setupbrowser()[pri:0, instance:code.Tests@68be2bc2]" name="setupbrowser" is-config="true" duration-ms="8099" started-at="2017-10-07T23:50:50Z" finished-at="2017-10-07T23:50:58Z">
          <reporter-output>
          </reporter-output>
        </test-method> <!-- setupbrowser -->
        <test-method status="PASS" signature="test1()[pri:0, instance:code.Tests@68be2bc2]" name="test1" duration-ms="1126" started-at="2017-10-07T23:50:58Z" finished-at="2017-10-07T23:50:59Z">
          <reporter-output>
          </reporter-output>
        </test-method> <!-- test1 -->
        <test-method status="PASS" signature="closebrowser()[pri:0, instance:code.Tests@68be2bc2]" name="closebrowser" is-config="true" duration-ms="203" started-at="2017-10-07T23:50:59Z" finished-at="2017-10-07T23:50:59Z">
          <reporter-output>
          </reporter-output>
        </test-method> <!-- closebrowser -->
      </class> <!-- code.Tests -->
    </test> <!-- Test -->
  </suite> <!-- Suite -->
</testng-results>
