<?xml version="1.0" encoding="UTF-8"?>
<testng-results skipped="0" failed="0" ignored="0" total="1" passed="1">
  <reporter-output>
  </reporter-output>
  <suite name="Suite" duration-ms="20312" started-at="2017-10-09T16:51:03Z" finished-at="2017-10-09T16:51:23Z">
    <groups>
    </groups>
    <test name="Test" duration-ms="20312" started-at="2017-10-09T16:51:03Z" finished-at="2017-10-09T16:51:23Z">
      <class name="code.Tests">
        <test-method status="PASS" signature="setupbrowser()[pri:0, instance:code.Tests@2f7a2457]" name="setupbrowser" is-config="true" duration-ms="13307" started-at="2017-10-09T12:51:03Z" finished-at="2017-10-09T12:51:16Z">
          <reporter-output>
          </reporter-output>
        </test-method> <!-- setupbrowser -->
        <test-method status="PASS" signature="test1()[pri:0, instance:code.Tests@2f7a2457]" name="test1" duration-ms="6501" started-at="2017-10-09T12:51:16Z" finished-at="2017-10-09T12:51:23Z">
          <reporter-output>
          </reporter-output>
        </test-method> <!-- test1 -->
        <test-method status="PASS" signature="closebrowser()[pri:0, instance:code.Tests@2f7a2457]" name="closebrowser" is-config="true" duration-ms="470" started-at="2017-10-09T12:51:23Z" finished-at="2017-10-09T12:51:23Z">
          <reporter-output>
          </reporter-output>
        </test-method> <!-- closebrowser -->
      </class> <!-- code.Tests -->
    </test> <!-- Test -->
  </suite> <!-- Suite -->
</testng-results>
