<?xml version="1.0" encoding="UTF-8"?>
<testng-results skipped="0" failed="0" ignored="0" total="1" passed="1">
  <reporter-output>
  </reporter-output>
  <suite name="Suite" duration-ms="16007" started-at="2017-10-08T20:49:17Z" finished-at="2017-10-08T20:49:33Z">
    <groups>
    </groups>
    <test name="Test" duration-ms="16007" started-at="2017-10-08T20:49:17Z" finished-at="2017-10-08T20:49:33Z">
      <class name="code.Tests">
        <test-method status="PASS" signature="setupbrowser()[pri:0, instance:code.Tests@2f7a2457]" name="setupbrowser" is-config="true" duration-ms="14825" started-at="2017-10-08T16:49:17Z" finished-at="2017-10-08T16:49:32Z">
          <reporter-output>
          </reporter-output>
        </test-method> <!-- setupbrowser -->
        <test-method status="PASS" signature="test1()[pri:0, instance:code.Tests@2f7a2457]" name="test1" duration-ms="940" started-at="2017-10-08T16:49:32Z" finished-at="2017-10-08T16:49:33Z">
          <reporter-output>
          </reporter-output>
        </test-method> <!-- test1 -->
        <test-method status="PASS" signature="closebrowser()[pri:0, instance:code.Tests@2f7a2457]" name="closebrowser" is-config="true" duration-ms="224" started-at="2017-10-08T16:49:33Z" finished-at="2017-10-08T16:49:33Z">
          <reporter-output>
          </reporter-output>
        </test-method> <!-- closebrowser -->
      </class> <!-- code.Tests -->
    </test> <!-- Test -->
  </suite> <!-- Suite -->
</testng-results>
